<?xml version="1.0" encoding="UTF-8"?>
<robot generator="Robot 7.4.1 (Python 3.14.2 on win32)" generated="2026-01-02T21:09:51.869245" rpa="false" schemaversion="5">
<suite id="s1" name="Registration" source="C:\Users\ACER\Documents\GitHub\TestAutomationLab\tests\registration.robot">
<test id="s1-t1" name="Register Success" line="15">
<kw name="Open Workshop Registration Page" type="SETUP">
<kw name="Create Directory" owner="OperatingSystem">
<msg time="2026-01-02T21:09:52.018367" level="INFO" html="true">Directory '&lt;a href="file://C:\Users\ACER\Documents\GitHub\TestAutomationLab\screenshots"&gt;C:\Users\ACER\Documents\GitHub\TestAutomationLab\screenshots&lt;/a&gt;' already exists.</msg>
<arg>${SCREENSHOT_DIR}</arg>
<doc>Creates the specified directory.</doc>
<status status="PASS" start="2026-01-02T21:09:52.018153" elapsed="0.000280"/>
</kw>
<kw name="Open Browser" owner="SeleniumLibrary">
<msg time="2026-01-02T21:09:52.018751" level="INFO">Opening browser 'chrome' to base url 'http://127.0.0.1:5500/StarterFiles/Registration.html'.</msg>
<arg>${URL}</arg>
<arg>chrome</arg>
<doc>Opens a new browser instance to the optional ``url``.</doc>
<status status="PASS" start="2026-01-02T21:09:52.018575" elapsed="1.091071"/>
</kw>
<kw name="Maximize Browser Window" owner="SeleniumLibrary">
<doc>Maximizes current browser window.</doc>
<status status="PASS" start="2026-01-02T21:09:53.109877" elapsed="0.036863"/>
</kw>
<kw name="Wait Until Element Is Visible" owner="SeleniumLibrary">
<arg>id=firstname</arg>
<arg>5s</arg>
<doc>Waits until the element ``locator`` is visible.</doc>
<status status="PASS" start="2026-01-02T21:09:53.147233" elapsed="0.023725"/>
</kw>
<status status="PASS" start="2026-01-02T21:09:52.017526" elapsed="1.153621"/>
</kw>
<kw name="Fill Registration Form" owner="keywords">
<kw name="Input Text" owner="SeleniumLibrary">
<msg time="2026-01-02T21:09:53.172501" level="INFO">Typing text 'Somyod' into text field 'id=firstname'.</msg>
<arg>id=firstname</arg>
<arg>${firstname}</arg>
<doc>Types the given ``text`` into the text field identified by ``locator``.</doc>
<status status="PASS" start="2026-01-02T21:09:53.172267" elapsed="0.100017"/>
</kw>
<kw name="Input Text" owner="SeleniumLibrary">
<msg time="2026-01-02T21:09:53.272951" level="INFO">Typing text 'Sodsai' into text field 'id=lastname'.</msg>
<arg>id=lastname</arg>
<arg>${lastname}</arg>
<doc>Types the given ``text`` into the text field identified by ``locator``.</doc>
<status status="PASS" start="2026-01-02T21:09:53.272575" elapsed="0.056819"/>
</kw>
<kw name="Input Text" owner="SeleniumLibrary">
<msg time="2026-01-02T21:09:53.329782" level="INFO">Typing text 'somyod@kkumail.com' into text field 'id=email'.</msg>
<arg>id=email</arg>
<arg>${email}</arg>
<doc>Types the given ``text`` into the text field identified by ``locator``.</doc>
<status status="PASS" start="2026-01-02T21:09:53.329573" elapsed="0.053663"/>
</kw>
<kw name="Input Text" owner="SeleniumLibrary">
<msg time="2026-01-02T21:09:53.383587" level="INFO">Typing text '091-001-1234' into text field 'id=phone'.</msg>
<arg>id=phone</arg>
<arg>${phone}</arg>
<doc>Types the given ``text`` into the text field identified by ``locator``.</doc>
<status status="PASS" start="2026-01-02T21:09:53.383386" elapsed="0.046620"/>
</kw>
<kw name="Run Keyword If" owner="BuiltIn">
<kw name="Input Text" owner="SeleniumLibrary">
<msg time="2026-01-02T21:09:53.431131" level="INFO">Typing text 'CS KKU' into text field 'id=organization'.</msg>
<arg>id=organization</arg>
<arg>${organization}</arg>
<doc>Types the given ``text`` into the text field identified by ``locator``.</doc>
<status status="PASS" start="2026-01-02T21:09:53.430843" elapsed="0.046989"/>
</kw>
<arg>'${organization}' != ''</arg>
<arg>Input Text</arg>
<arg>id=organization</arg>
<arg>${organization}</arg>
<doc>Runs the given keyword with the given arguments, if ``condition`` is true.</doc>
<status status="PASS" start="2026-01-02T21:09:53.430173" elapsed="0.047743"/>
</kw>
<arg>Somyod</arg>
<arg>Sodsai</arg>
<arg>somyod@kkumail.com</arg>
<arg>091-001-1234</arg>
<arg>CS KKU</arg>
<status status="PASS" start="2026-01-02T21:09:53.171800" elapsed="0.306182"/>
</kw>
<kw name="Submit Registration" owner="keywords">
<kw name="Click Button" owner="SeleniumLibrary">
<msg time="2026-01-02T21:09:53.478647" level="INFO">Clicking button 'id=registerButton'.</msg>
<arg>id=registerButton</arg>
<doc>Clicks the button identified by ``locator``.</doc>
<status status="PASS" start="2026-01-02T21:09:53.478498" elapsed="0.073864"/>
</kw>
<kw name="Sleep" owner="BuiltIn">
<msg time="2026-01-02T21:09:54.553147" level="INFO">Slept 1 second.</msg>
<arg>1s</arg>
<doc>Pauses the test executed for the given time.</doc>
<status status="PASS" start="2026-01-02T21:09:53.552562" elapsed="1.000810"/>
</kw>
<status status="PASS" start="2026-01-02T21:09:53.478278" elapsed="1.075278"/>
</kw>
<kw name="Verify Success Page" owner="keywords">
<kw name="Title Should Be" owner="SeleniumLibrary">
<msg time="2026-01-02T21:09:54.561340" level="INFO">Page title is 'Success'.</msg>
<arg>Success</arg>
<doc>Verifies that the current page title equals ``title``.</doc>
<status status="PASS" start="2026-01-02T21:09:54.555117" elapsed="0.006272"/>
</kw>
<kw name="Page Should Contain" owner="SeleniumLibrary">
<msg time="2026-01-02T21:09:54.581976" level="INFO">Current page contains text 'Thank you for registering with us.'.</msg>
<arg>Thank you for registering with us.</arg>
<doc>Verifies that current page contains ``text``.</doc>
<status status="PASS" start="2026-01-02T21:09:54.561487" elapsed="0.020582"/>
</kw>
<kw name="Page Should Contain" owner="SeleniumLibrary">
<msg time="2026-01-02T21:09:54.612119" level="INFO">Current page contains text 'We will send a confirmation to your email soon.'.</msg>
<arg>We will send a confirmation to your email soon.</arg>
<doc>Verifies that current page contains ``text``.</doc>
<status status="PASS" start="2026-01-02T21:09:54.582181" elapsed="0.030017"/>
</kw>
<status status="PASS" start="2026-01-02T21:09:54.554394" elapsed="0.057869"/>
</kw>
<kw name="Capture Screenshot And Close Browser" type="TEARDOWN">
<kw name="Replace String Using Regexp" owner="String">
<msg time="2026-01-02T21:09:54.613452" level="INFO">${safe_test_name} = Register_Success</msg>
<var>${safe_test_name}</var>
<arg>${TEST NAME}</arg>
<arg>${SPACE}</arg>
<arg>_</arg>
<doc>Replaces ``pattern`` in the given ``string`` with ``replace_with``.</doc>
<status status="PASS" start="2026-01-02T21:09:54.612865" elapsed="0.000666"/>
</kw>
<kw name="Set Variable" owner="BuiltIn">
<msg time="2026-01-02T21:09:54.614093" level="INFO">${file} = screenshots/Register_Success_PASS.png</msg>
<var>${file}</var>
<arg>${SCREENSHOT_DIR}/${safe_test_name}_${status}.png</arg>
<doc>Returns the given values which can then be assigned to a variables.</doc>
<status status="PASS" start="2026-01-02T21:09:54.613712" elapsed="0.000412"/>
</kw>
<kw name="Capture Page Screenshot" owner="SeleniumLibrary">
<msg time="2026-01-02T21:09:54.688146" level="INFO" html="true">&lt;/td&gt;&lt;/tr&gt;&lt;tr&gt;&lt;td colspan="3"&gt;&lt;a href="screenshots/Register_Success_PASS.png"&gt;&lt;img src="screenshots/Register_Success_PASS.png" width="800px"&gt;&lt;/a&gt;</msg>
<arg>${file}</arg>
<doc>Takes a screenshot of the current page and embeds it into a log file.</doc>
<status status="PASS" start="2026-01-02T21:09:54.614242" elapsed="0.073994"/>
</kw>
<kw name="Close Browser" owner="SeleniumLibrary">
<doc>Closes the current browser.</doc>
<status status="PASS" start="2026-01-02T21:09:54.688366" elapsed="2.074222"/>
</kw>
<status status="PASS" start="2026-01-02T21:09:54.612648" elapsed="2.150041"/>
</kw>
<status status="PASS" start="2026-01-02T21:09:52.016619" elapsed="4.746540"/>
</test>
<test id="s1-t2" name="Register Success No Organization" line="20">
<kw name="Open Workshop Registration Page" type="SETUP">
<kw name="Create Directory" owner="OperatingSystem">
<msg time="2026-01-02T21:09:56.765495" level="INFO" html="true">Directory '&lt;a href="file://C:\Users\ACER\Documents\GitHub\TestAutomationLab\screenshots"&gt;C:\Users\ACER\Documents\GitHub\TestAutomationLab\screenshots&lt;/a&gt;' already exists.</msg>
<arg>${SCREENSHOT_DIR}</arg>
<doc>Creates the specified directory.</doc>
<status status="PASS" start="2026-01-02T21:09:56.765212" elapsed="0.000355"/>
</kw>
<kw name="Open Browser" owner="SeleniumLibrary">
<msg time="2026-01-02T21:09:56.765812" level="INFO">Opening browser 'chrome' to base url 'http://127.0.0.1:5500/StarterFiles/Registration.html'.</msg>
<arg>${URL}</arg>
<arg>chrome</arg>
<doc>Opens a new browser instance to the optional ``url``.</doc>
<status status="PASS" start="2026-01-02T21:09:56.765670" elapsed="1.143755"/>
</kw>
<kw name="Maximize Browser Window" owner="SeleniumLibrary">
<doc>Maximizes current browser window.</doc>
<status status="PASS" start="2026-01-02T21:09:57.909616" elapsed="0.043840"/>
</kw>
<kw name="Wait Until Element Is Visible" owner="SeleniumLibrary">
<arg>id=firstname</arg>
<arg>5s</arg>
<doc>Waits until the element ``locator`` is visible.</doc>
<status status="PASS" start="2026-01-02T21:09:57.953783" elapsed="0.023588"/>
</kw>
<status status="PASS" start="2026-01-02T21:09:56.764990" elapsed="1.212568"/>
</kw>
<kw name="Fill Registration Form" owner="keywords">
<kw name="Input Text" owner="SeleniumLibrary">
<msg time="2026-01-02T21:09:57.979733" level="INFO">Typing text 'Somyod' into text field 'id=firstname'.</msg>
<arg>id=firstname</arg>
<arg>${firstname}</arg>
<doc>Types the given ``text`` into the text field identified by ``locator``.</doc>
<status status="PASS" start="2026-01-02T21:09:57.979330" elapsed="0.104751"/>
</kw>
<kw name="Input Text" owner="SeleniumLibrary">
<msg time="2026-01-02T21:09:58.084609" level="INFO">Typing text 'Sodsai' into text field 'id=lastname'.</msg>
<arg>id=lastname</arg>
<arg>${lastname}</arg>
<doc>Types the given ``text`` into the text field identified by ``locator``.</doc>
<status status="PASS" start="2026-01-02T21:09:58.084249" elapsed="0.064029"/>
</kw>
<kw name="Input Text" owner="SeleniumLibrary">
<msg time="2026-01-02T21:09:58.148625" level="INFO">Typing text 'somyod@kkumail.com' into text field 'id=email'.</msg>
<arg>id=email</arg>
<arg>${email}</arg>
<doc>Types the given ``text`` into the text field identified by ``locator``.</doc>
<status status="PASS" start="2026-01-02T21:09:58.148427" elapsed="0.071574"/>
</kw>
<kw name="Input Text" owner="SeleniumLibrary">
<msg time="2026-01-02T21:09:58.220336" level="INFO">Typing text '091-001-1234' into text field 'id=phone'.</msg>
<arg>id=phone</arg>
<arg>${phone}</arg>
<doc>Types the given ``text`` into the text field identified by ``locator``.</doc>
<status status="PASS" start="2026-01-02T21:09:58.220146" elapsed="0.053785"/>
</kw>
<kw name="Run Keyword If" owner="BuiltIn">
<arg>'${organization}' != ''</arg>
<arg>Input Text</arg>
<arg>id=organization</arg>
<arg>${organization}</arg>
<doc>Runs the given keyword with the given arguments, if ``condition`` is true.</doc>
<status status="PASS" start="2026-01-02T21:09:58.274087" elapsed="0.000413"/>
</kw>
<arg>Somyod</arg>
<arg>Sodsai</arg>
<arg>somyod@kkumail.com</arg>
<arg>091-001-1234</arg>
<status status="PASS" start="2026-01-02T21:09:57.978263" elapsed="0.296318"/>
</kw>
<kw name="Submit Registration" owner="keywords">
<kw name="Click Button" owner="SeleniumLibrary">
<msg time="2026-01-02T21:09:58.275287" level="INFO">Clicking button 'id=registerButton'.</msg>
<arg>id=registerButton</arg>
<doc>Clicks the button identified by ``locator``.</doc>
<status status="PASS" start="2026-01-02T21:09:58.275134" elapsed="0.082108"/>
</kw>
<kw name="Sleep" owner="BuiltIn">
<msg time="2026-01-02T21:09:59.358025" level="INFO">Slept 1 second.</msg>
<arg>1s</arg>
<doc>Pauses the test executed for the given time.</doc>
<status status="PASS" start="2026-01-02T21:09:58.357460" elapsed="1.000714"/>
</kw>
<status status="PASS" start="2026-01-02T21:09:58.274881" elapsed="1.083386"/>
</kw>
<kw name="Verify Success Page" owner="keywords">
<kw name="Title Should Be" owner="SeleniumLibrary">
<msg time="2026-01-02T21:09:59.363275" level="INFO">Page title is 'Success'.</msg>
<arg>Success</arg>
<doc>Verifies that the current page title equals ``title``.</doc>
<status status="PASS" start="2026-01-02T21:09:59.359019" elapsed="0.004314"/>
</kw>
<kw name="Page Should Contain" owner="SeleniumLibrary">
<msg time="2026-01-02T21:09:59.371158" level="INFO">Current page contains text 'Thank you for registering with us.'.</msg>
<arg>Thank you for registering with us.</arg>
<doc>Verifies that current page contains ``text``.</doc>
<status status="PASS" start="2026-01-02T21:09:59.363469" elapsed="0.007756"/>
</kw>
<kw name="Page Should Contain" owner="SeleniumLibrary">
<msg time="2026-01-02T21:09:59.377683" level="INFO">Current page contains text 'We will send a confirmation to your email soon.'.</msg>
<arg>We will send a confirmation to your email soon.</arg>
<doc>Verifies that current page contains ``text``.</doc>
<status status="PASS" start="2026-01-02T21:09:59.371332" elapsed="0.006416"/>
</kw>
<status status="PASS" start="2026-01-02T21:09:59.358796" elapsed="0.019014"/>
</kw>
<kw name="Capture Screenshot And Close Browser" type="TEARDOWN">
<kw name="Replace String Using Regexp" owner="String">
<msg time="2026-01-02T21:09:59.378624" level="INFO">${safe_test_name} = Register_Success_No_Organization</msg>
<var>${safe_test_name}</var>
<arg>${TEST NAME}</arg>
<arg>${SPACE}</arg>
<arg>_</arg>
<doc>Replaces ``pattern`` in the given ``string`` with ``replace_with``.</doc>
<status status="PASS" start="2026-01-02T21:09:59.378447" elapsed="0.000199"/>
</kw>
<kw name="Set Variable" owner="BuiltIn">
<msg time="2026-01-02T21:09:59.378948" level="INFO">${file} = screenshots/Register_Success_No_Organization_PASS.png</msg>
<var>${file}</var>
<arg>${SCREENSHOT_DIR}/${safe_test_name}_${status}.png</arg>
<doc>Returns the given values which can then be assigned to a variables.</doc>
<status status="PASS" start="2026-01-02T21:09:59.378727" elapsed="0.000238"/>
</kw>
<kw name="Capture Page Screenshot" owner="SeleniumLibrary">
<msg time="2026-01-02T21:09:59.445602" level="INFO" html="true">&lt;/td&gt;&lt;/tr&gt;&lt;tr&gt;&lt;td colspan="3"&gt;&lt;a href="screenshots/Register_Success_No_Organization_PASS.png"&gt;&lt;img src="screenshots/Register_Success_No_Organization_PASS.png" width="800px"&gt;&lt;/a&gt;</msg>
<arg>${file}</arg>
<doc>Takes a screenshot of the current page and embeds it into a log file.</doc>
<status status="PASS" start="2026-01-02T21:09:59.379042" elapsed="0.066640"/>
</kw>
<kw name="Close Browser" owner="SeleniumLibrary">
<doc>Closes the current browser.</doc>
<status status="PASS" start="2026-01-02T21:09:59.445802" elapsed="2.086645"/>
</kw>
<status status="PASS" start="2026-01-02T21:09:59.378171" elapsed="2.154382"/>
</kw>
<status status="PASS" start="2026-01-02T21:09:56.764318" elapsed="4.768426"/>
</test>
<test id="s1-t3" name="Empty First Name" line="25">
<kw name="Open Workshop Registration Page" type="SETUP">
<kw name="Create Directory" owner="OperatingSystem">
<msg time="2026-01-02T21:10:01.535590" level="INFO" html="true">Directory '&lt;a href="file://C:\Users\ACER\Documents\GitHub\TestAutomationLab\screenshots"&gt;C:\Users\ACER\Documents\GitHub\TestAutomationLab\screenshots&lt;/a&gt;' already exists.</msg>
<arg>${SCREENSHOT_DIR}</arg>
<doc>Creates the specified directory.</doc>
<status status="PASS" start="2026-01-02T21:10:01.535387" elapsed="0.000262"/>
</kw>
<kw name="Open Browser" owner="SeleniumLibrary">
<msg time="2026-01-02T21:10:01.535975" level="INFO">Opening browser 'chrome' to base url 'http://127.0.0.1:5500/StarterFiles/Registration.html'.</msg>
<arg>${URL}</arg>
<arg>chrome</arg>
<doc>Opens a new browser instance to the optional ``url``.</doc>
<status status="PASS" start="2026-01-02T21:10:01.535781" elapsed="1.149348"/>
</kw>
<kw name="Maximize Browser Window" owner="SeleniumLibrary">
<doc>Maximizes current browser window.</doc>
<status status="PASS" start="2026-01-02T21:10:02.685547" elapsed="0.043115"/>
</kw>
<kw name="Wait Until Element Is Visible" owner="SeleniumLibrary">
<arg>id=firstname</arg>
<arg>5s</arg>
<doc>Waits until the element ``locator`` is visible.</doc>
<status status="PASS" start="2026-01-02T21:10:02.728977" elapsed="0.026047"/>
</kw>
<status status="PASS" start="2026-01-02T21:10:01.535177" elapsed="1.220215"/>
</kw>
<kw name="Fill Registration Form" owner="keywords">
<kw name="Input Text" owner="SeleniumLibrary">
<msg time="2026-01-02T21:10:02.757249" level="INFO">Typing text '' into text field 'id=firstname'.</msg>
<arg>id=firstname</arg>
<arg>${firstname}</arg>
<doc>Types the given ``text`` into the text field identified by ``locator``.</doc>
<status status="PASS" start="2026-01-02T21:10:02.757004" elapsed="0.087417"/>
</kw>
<kw name="Input Text" owner="SeleniumLibrary">
<msg time="2026-01-02T21:10:02.845001" level="INFO">Typing text 'Sodsai' into text field 'id=lastname'.</msg>
<arg>id=lastname</arg>
<arg>${lastname}</arg>
<doc>Types the given ``text`` into the text field identified by ``locator``.</doc>
<status status="PASS" start="2026-01-02T21:10:02.844665" elapsed="0.071502"/>
</kw>
<kw name="Input Text" owner="SeleniumLibrary">
<msg time="2026-01-02T21:10:02.916739" level="INFO">Typing text 'somyod@kkumail.com' into text field 'id=email'.</msg>
<arg>id=email</arg>
<arg>${email}</arg>
<doc>Types the given ``text`` into the text field identified by ``locator``.</doc>
<status status="PASS" start="2026-01-02T21:10:02.916418" elapsed="0.087055"/>
</kw>
<kw name="Input Text" owner="SeleniumLibrary">
<msg time="2026-01-02T21:10:03.003997" level="INFO">Typing text '091-001-1234' into text field 'id=phone'.</msg>
<arg>id=phone</arg>
<arg>${phone}</arg>
<doc>Types the given ``text`` into the text field identified by ``locator``.</doc>
<status status="PASS" start="2026-01-02T21:10:03.003704" elapsed="0.055091"/>
</kw>
<kw name="Run Keyword If" owner="BuiltIn">
<kw name="Input Text" owner="SeleniumLibrary">
<msg time="2026-01-02T21:10:03.059607" level="INFO">Typing text 'CS KKU' into text field 'id=organization'.</msg>
<arg>id=organization</arg>
<arg>${organization}</arg>
<doc>Types the given ``text`` into the text field identified by ``locator``.</doc>
<status status="PASS" start="2026-01-02T21:10:03.059431" elapsed="0.048279"/>
</kw>
<arg>'${organization}' != ''</arg>
<arg>Input Text</arg>
<arg>id=organization</arg>
<arg>${organization}</arg>
<doc>Runs the given keyword with the given arguments, if ``condition`` is true.</doc>
<status status="PASS" start="2026-01-02T21:10:03.059007" elapsed="0.048887"/>
</kw>
<arg>${EMPTY}</arg>
<arg>Sodsai</arg>
<arg>somyod@kkumail.com</arg>
<arg>091-001-1234</arg>
<arg>CS KKU</arg>
<status status="PASS" start="2026-01-02T21:10:02.756200" elapsed="0.351784"/>
</kw>
<kw name="Submit Registration" owner="keywords">
<kw name="Click Button" owner="SeleniumLibrary">
<msg time="2026-01-02T21:10:03.108842" level="INFO">Clicking button 'id=registerButton'.</msg>
<arg>id=registerButton</arg>
<doc>Clicks the button identified by ``locator``.</doc>
<status status="PASS" start="2026-01-02T21:10:03.108711" elapsed="0.049612"/>
</kw>
<kw name="Sleep" owner="BuiltIn">
<msg time="2026-01-02T21:10:04.159046" level="INFO">Slept 1 second.</msg>
<arg>1s</arg>
<doc>Pauses the test executed for the given time.</doc>
<status status="PASS" start="2026-01-02T21:10:03.158471" elapsed="1.000717"/>
</kw>
<status status="PASS" start="2026-01-02T21:10:03.108480" elapsed="1.050827"/>
</kw>
<kw name="Verify Error Message" owner="keywords">
<kw name="Element Text Should Be" owner="SeleniumLibrary">
<msg time="2026-01-02T21:10:04.160073" level="INFO">Verifying element 'id=errors' contains exact text '*Please enter your first name!!'.</msg>
<arg>id=errors</arg>
<arg>${message}</arg>
<doc>Verifies that element ``locator`` contains exact the text ``expected``.</doc>
<status status="PASS" start="2026-01-02T21:10:04.159929" elapsed="0.024571"/>
</kw>
<arg>*Please enter your first name!!</arg>
<status status="PASS" start="2026-01-02T21:10:04.159723" elapsed="0.024927"/>
</kw>
<kw name="Capture Screenshot And Close Browser" type="TEARDOWN">
<kw name="Replace String Using Regexp" owner="String">
<msg time="2026-01-02T21:10:04.186019" level="INFO">${safe_test_name} = Empty_First_Name</msg>
<var>${safe_test_name}</var>
<arg>${TEST NAME}</arg>
<arg>${SPACE}</arg>
<arg>_</arg>
<doc>Replaces ``pattern`` in the given ``string`` with ``replace_with``.</doc>
<status status="PASS" start="2026-01-02T21:10:04.185667" elapsed="0.000393"/>
</kw>
<kw name="Set Variable" owner="BuiltIn">
<msg time="2026-01-02T21:10:04.186622" level="INFO">${file} = screenshots/Empty_First_Name_PASS.png</msg>
<var>${file}</var>
<arg>${SCREENSHOT_DIR}/${safe_test_name}_${status}.png</arg>
<doc>Returns the given values which can then be assigned to a variables.</doc>
<status status="PASS" start="2026-01-02T21:10:04.186203" elapsed="0.000454"/>
</kw>
<kw name="Capture Page Screenshot" owner="SeleniumLibrary">
<msg time="2026-01-02T21:10:04.276206" level="INFO" html="true">&lt;/td&gt;&lt;/tr&gt;&lt;tr&gt;&lt;td colspan="3"&gt;&lt;a href="screenshots/Empty_First_Name_PASS.png"&gt;&lt;img src="screenshots/Empty_First_Name_PASS.png" width="800px"&gt;&lt;/a&gt;</msg>
<arg>${file}</arg>
<doc>Takes a screenshot of the current page and embeds it into a log file.</doc>
<status status="PASS" start="2026-01-02T21:10:04.186792" elapsed="0.089551"/>
</kw>
<kw name="Close Browser" owner="SeleniumLibrary">
<doc>Closes the current browser.</doc>
<status status="PASS" start="2026-01-02T21:10:04.276547" elapsed="2.085719"/>
</kw>
<status status="PASS" start="2026-01-02T21:10:04.185175" elapsed="2.177206"/>
</kw>
<status status="PASS" start="2026-01-02T21:10:01.534837" elapsed="4.827728"/>
</test>
<test id="s1-t4" name="Empty Last Name" line="30">
<kw name="Open Workshop Registration Page" type="SETUP">
<kw name="Create Directory" owner="OperatingSystem">
<msg time="2026-01-02T21:10:06.363788" level="INFO" html="true">Directory '&lt;a href="file://C:\Users\ACER\Documents\GitHub\TestAutomationLab\screenshots"&gt;C:\Users\ACER\Documents\GitHub\TestAutomationLab\screenshots&lt;/a&gt;' already exists.</msg>
<arg>${SCREENSHOT_DIR}</arg>
<doc>Creates the specified directory.</doc>
<status status="PASS" start="2026-01-02T21:10:06.363590" elapsed="0.000245"/>
</kw>
<kw name="Open Browser" owner="SeleniumLibrary">
<msg time="2026-01-02T21:10:06.364137" level="INFO">Opening browser 'chrome' to base url 'http://127.0.0.1:5500/StarterFiles/Registration.html'.</msg>
<arg>${URL}</arg>
<arg>chrome</arg>
<doc>Opens a new browser instance to the optional ``url``.</doc>
<status status="PASS" start="2026-01-02T21:10:06.363971" elapsed="1.069002"/>
</kw>
<kw name="Maximize Browser Window" owner="SeleniumLibrary">
<doc>Maximizes current browser window.</doc>
<status status="PASS" start="2026-01-02T21:10:07.433245" elapsed="0.023682"/>
</kw>
<kw name="Wait Until Element Is Visible" owner="SeleniumLibrary">
<arg>id=firstname</arg>
<arg>5s</arg>
<doc>Waits until the element ``locator`` is visible.</doc>
<status status="PASS" start="2026-01-02T21:10:07.457182" elapsed="0.020272"/>
</kw>
<status status="PASS" start="2026-01-02T21:10:06.363381" elapsed="1.114251"/>
</kw>
<kw name="Fill Registration Form" owner="keywords">
<kw name="Input Text" owner="SeleniumLibrary">
<msg time="2026-01-02T21:10:07.479154" level="INFO">Typing text 'Somyod' into text field 'id=firstname'.</msg>
<arg>id=firstname</arg>
<arg>${firstname}</arg>
<doc>Types the given ``text`` into the text field identified by ``locator``.</doc>
<status status="PASS" start="2026-01-02T21:10:07.478930" elapsed="0.088293"/>
</kw>
<kw name="Input Text" owner="SeleniumLibrary">
<msg time="2026-01-02T21:10:07.567844" level="INFO">Typing text '' into text field 'id=lastname'.</msg>
<arg>id=lastname</arg>
<arg>${lastname}</arg>
<doc>Types the given ``text`` into the text field identified by ``locator``.</doc>
<status status="PASS" start="2026-01-02T21:10:07.567549" elapsed="0.061372"/>
</kw>
<kw name="Input Text" owner="SeleniumLibrary">
<msg time="2026-01-02T21:10:07.629413" level="INFO">Typing text 'somyod@kkumail.com' into text field 'id=email'.</msg>
<arg>id=email</arg>
<arg>${email}</arg>
<doc>Types the given ``text`` into the text field identified by ``locator``.</doc>
<status status="PASS" start="2026-01-02T21:10:07.629092" elapsed="0.083322"/>
</kw>
<kw name="Input Text" owner="SeleniumLibrary">
<msg time="2026-01-02T21:10:07.712974" level="INFO">Typing text '091-001-1234' into text field 'id=phone'.</msg>
<arg>id=phone</arg>
<arg>${phone}</arg>
<doc>Types the given ``text`` into the text field identified by ``locator``.</doc>
<status status="PASS" start="2026-01-02T21:10:07.712680" elapsed="0.066913"/>
</kw>
<kw name="Run Keyword If" owner="BuiltIn">
<kw name="Input Text" owner="SeleniumLibrary">
<msg time="2026-01-02T21:10:07.780459" level="INFO">Typing text 'CS KKU' into text field 'id=organization'.</msg>
<arg>id=organization</arg>
<arg>${organization}</arg>
<doc>Types the given ``text`` into the text field identified by ``locator``.</doc>
<status status="PASS" start="2026-01-02T21:10:07.780306" elapsed="0.054757"/>
</kw>
<arg>'${organization}' != ''</arg>
<arg>Input Text</arg>
<arg>id=organization</arg>
<arg>${organization}</arg>
<doc>Runs the given keyword with the given arguments, if ``condition`` is true.</doc>
<status status="PASS" start="2026-01-02T21:10:07.779919" elapsed="0.055219"/>
</kw>
<arg>Somyod</arg>
<arg>${EMPTY}</arg>
<arg>somyod@kkumail.com</arg>
<arg>091-001-1234</arg>
<arg>CS KKU</arg>
<status status="PASS" start="2026-01-02T21:10:07.478172" elapsed="0.357016"/>
</kw>
<kw name="Submit Registration" owner="keywords">
<kw name="Click Button" owner="SeleniumLibrary">
<msg time="2026-01-02T21:10:07.835823" level="INFO">Clicking button 'id=registerButton'.</msg>
<arg>id=registerButton</arg>
<doc>Clicks the button identified by ``locator``.</doc>
<status status="PASS" start="2026-01-02T21:10:07.835690" elapsed="0.045912"/>
</kw>
<kw name="Sleep" owner="BuiltIn">
<msg time="2026-01-02T21:10:08.882555" level="INFO">Slept 1 second.</msg>
<arg>1s</arg>
<doc>Pauses the test executed for the given time.</doc>
<status status="PASS" start="2026-01-02T21:10:07.881744" elapsed="1.000915"/>
</kw>
<status status="PASS" start="2026-01-02T21:10:07.835483" elapsed="1.047256"/>
</kw>
<kw name="Verify Error Message" owner="keywords">
<kw name="Element Text Should Be" owner="SeleniumLibrary">
<msg time="2026-01-02T21:10:08.887554" level="INFO">Verifying element 'id=errors' contains exact text '*Please enter your last name!!'.</msg>
<arg>id=errors</arg>
<arg>${message}</arg>
<doc>Verifies that element ``locator`` contains exact the text ``expected``.</doc>
<status status="PASS" start="2026-01-02T21:10:08.887377" elapsed="0.016010"/>
</kw>
<arg>*Please enter your last name!!</arg>
<status status="PASS" start="2026-01-02T21:10:08.887095" elapsed="0.016425"/>
</kw>
<kw name="Capture Screenshot And Close Browser" type="TEARDOWN">
<kw name="Replace String Using Regexp" owner="String">
<msg time="2026-01-02T21:10:08.904414" level="INFO">${safe_test_name} = Empty_Last_Name</msg>
<var>${safe_test_name}</var>
<arg>${TEST NAME}</arg>
<arg>${SPACE}</arg>
<arg>_</arg>
<doc>Replaces ``pattern`` in the given ``string`` with ``replace_with``.</doc>
<status status="PASS" start="2026-01-02T21:10:08.904246" elapsed="0.000189"/>
</kw>
<kw name="Set Variable" owner="BuiltIn">
<msg time="2026-01-02T21:10:08.904762" level="INFO">${file} = screenshots/Empty_Last_Name_PASS.png</msg>
<var>${file}</var>
<arg>${SCREENSHOT_DIR}/${safe_test_name}_${status}.png</arg>
<doc>Returns the given values which can then be assigned to a variables.</doc>
<status status="PASS" start="2026-01-02T21:10:08.904523" elapsed="0.000265"/>
</kw>
<kw name="Capture Page Screenshot" owner="SeleniumLibrary">
<msg time="2026-01-02T21:10:08.974603" level="INFO" html="true">&lt;/td&gt;&lt;/tr&gt;&lt;tr&gt;&lt;td colspan="3"&gt;&lt;a href="screenshots/Empty_Last_Name_PASS.png"&gt;&lt;img src="screenshots/Empty_Last_Name_PASS.png" width="800px"&gt;&lt;/a&gt;</msg>
<arg>${file}</arg>
<doc>Takes a screenshot of the current page and embeds it into a log file.</doc>
<status status="PASS" start="2026-01-02T21:10:08.904888" elapsed="0.069838"/>
</kw>
<kw name="Close Browser" owner="SeleniumLibrary">
<doc>Closes the current browser.</doc>
<status status="PASS" start="2026-01-02T21:10:08.974911" elapsed="2.092005"/>
</kw>
<status status="PASS" start="2026-01-02T21:10:08.904022" elapsed="2.163022"/>
</kw>
<status status="PASS" start="2026-01-02T21:10:06.362991" elapsed="4.704303"/>
</test>
<test id="s1-t5" name="Empty First and Last Name" line="35">
<kw name="Open Workshop Registration Page" type="SETUP">
<kw name="Create Directory" owner="OperatingSystem">
<msg time="2026-01-02T21:10:11.068869" level="INFO" html="true">Directory '&lt;a href="file://C:\Users\ACER\Documents\GitHub\TestAutomationLab\screenshots"&gt;C:\Users\ACER\Documents\GitHub\TestAutomationLab\screenshots&lt;/a&gt;' already exists.</msg>
<arg>${SCREENSHOT_DIR}</arg>
<doc>Creates the specified directory.</doc>
<status status="PASS" start="2026-01-02T21:10:11.068705" elapsed="0.000208"/>
</kw>
<kw name="Open Browser" owner="SeleniumLibrary">
<msg time="2026-01-02T21:10:11.069148" level="INFO">Opening browser 'chrome' to base url 'http://127.0.0.1:5500/StarterFiles/Registration.html'.</msg>
<arg>${URL}</arg>
<arg>chrome</arg>
<doc>Opens a new browser instance to the optional ``url``.</doc>
<status status="PASS" start="2026-01-02T21:10:11.069015" elapsed="1.135773"/>
</kw>
<kw name="Maximize Browser Window" owner="SeleniumLibrary">
<doc>Maximizes current browser window.</doc>
<status status="PASS" start="2026-01-02T21:10:12.205108" elapsed="0.041833"/>
</kw>
<kw name="Wait Until Element Is Visible" owner="SeleniumLibrary">
<arg>id=firstname</arg>
<arg>5s</arg>
<doc>Waits until the element ``locator`` is visible.</doc>
<status status="PASS" start="2026-01-02T21:10:12.247181" elapsed="0.018327"/>
</kw>
<status status="PASS" start="2026-01-02T21:10:11.068518" elapsed="1.197135"/>
</kw>
<kw name="Fill Registration Form" owner="keywords">
<kw name="Input Text" owner="SeleniumLibrary">
<msg time="2026-01-02T21:10:12.267345" level="INFO">Typing text '' into text field 'id=firstname'.</msg>
<arg>id=firstname</arg>
<arg>${firstname}</arg>
<doc>Types the given ``text`` into the text field identified by ``locator``.</doc>
<status status="PASS" start="2026-01-02T21:10:12.267121" elapsed="0.067826"/>
</kw>
<kw name="Input Text" owner="SeleniumLibrary">
<msg time="2026-01-02T21:10:12.335390" level="INFO">Typing text '' into text field 'id=lastname'.</msg>
<arg>id=lastname</arg>
<arg>${lastname}</arg>
<doc>Types the given ``text`` into the text field identified by ``locator``.</doc>
<status status="PASS" start="2026-01-02T21:10:12.335133" elapsed="0.046563"/>
</kw>
<kw name="Input Text" owner="SeleniumLibrary">
<msg time="2026-01-02T21:10:12.382180" level="INFO">Typing text 'somyod@kkumail.com' into text field 'id=email'.</msg>
<arg>id=email</arg>
<arg>${email}</arg>
<doc>Types the given ``text`` into the text field identified by ``locator``.</doc>
<status status="PASS" start="2026-01-02T21:10:12.381986" elapsed="0.067585"/>
</kw>
<kw name="Input Text" owner="SeleniumLibrary">
<msg time="2026-01-02T21:10:12.450037" level="INFO">Typing text '091-001-1234' into text field 'id=phone'.</msg>
<arg>id=phone</arg>
<arg>${phone}</arg>
<doc>Types the given ``text`` into the text field identified by ``locator``.</doc>
<status status="PASS" start="2026-01-02T21:10:12.449811" elapsed="0.076694"/>
</kw>
<kw name="Run Keyword If" owner="BuiltIn">
<kw name="Input Text" owner="SeleniumLibrary">
<msg time="2026-01-02T21:10:12.527648" level="INFO">Typing text 'CS KKU' into text field 'id=organization'.</msg>
<arg>id=organization</arg>
<arg>${organization}</arg>
<doc>Types the given ``text`` into the text field identified by ``locator``.</doc>
<status status="PASS" start="2026-01-02T21:10:12.527349" elapsed="0.068071"/>
</kw>
<arg>'${organization}' != ''</arg>
<arg>Input Text</arg>
<arg>id=organization</arg>
<arg>${organization}</arg>
<doc>Runs the given keyword with the given arguments, if ``condition`` is true.</doc>
<status status="PASS" start="2026-01-02T21:10:12.526764" elapsed="0.068746"/>
</kw>
<arg>${EMPTY}</arg>
<arg>${EMPTY}</arg>
<arg>somyod@kkumail.com</arg>
<arg>091-001-1234</arg>
<arg>CS KKU</arg>
<status status="PASS" start="2026-01-02T21:10:12.266163" elapsed="0.329437"/>
</kw>
<kw name="Submit Registration" owner="keywords">
<kw name="Click Button" owner="SeleniumLibrary">
<msg time="2026-01-02T21:10:12.596887" level="INFO">Clicking button 'id=registerButton'.</msg>
<arg>id=registerButton</arg>
<doc>Clicks the button identified by ``locator``.</doc>
<status status="PASS" start="2026-01-02T21:10:12.596673" elapsed="0.057293"/>
</kw>
<kw name="Sleep" owner="BuiltIn">
<msg time="2026-01-02T21:10:13.655203" level="INFO">Slept 1 second.</msg>
<arg>1s</arg>
<doc>Pauses the test executed for the given time.</doc>
<status status="PASS" start="2026-01-02T21:10:12.654201" elapsed="1.001495"/>
</kw>
<status status="PASS" start="2026-01-02T21:10:12.596271" elapsed="1.059509"/>
</kw>
<kw name="Verify Error Message" owner="keywords">
<kw name="Element Text Should Be" owner="SeleniumLibrary">
<msg time="2026-01-02T21:10:13.656663" level="INFO">Verifying element 'id=errors' contains exact text '*Please enter your name!!'.</msg>
<arg>id=errors</arg>
<arg>${message}</arg>
<doc>Verifies that element ``locator`` contains exact the text ``expected``.</doc>
<status status="PASS" start="2026-01-02T21:10:13.656498" elapsed="0.014498"/>
</kw>
<arg>*Please enter your name!!</arg>
<status status="PASS" start="2026-01-02T21:10:13.656230" elapsed="0.014860"/>
</kw>
<kw name="Capture Screenshot And Close Browser" type="TEARDOWN">
<kw name="Replace String Using Regexp" owner="String">
<msg time="2026-01-02T21:10:13.672398" level="INFO">${safe_test_name} = Empty_First_and_Last_Name</msg>
<var>${safe_test_name}</var>
<arg>${TEST NAME}</arg>
<arg>${SPACE}</arg>
<arg>_</arg>
<doc>Replaces ``pattern`` in the given ``string`` with ``replace_with``.</doc>
<status status="PASS" start="2026-01-02T21:10:13.672202" elapsed="0.000220"/>
</kw>
<kw name="Set Variable" owner="BuiltIn">
<msg time="2026-01-02T21:10:13.672751" level="INFO">${file} = screenshots/Empty_First_and_Last_Name_PASS.png</msg>
<var>${file}</var>
<arg>${SCREENSHOT_DIR}/${safe_test_name}_${status}.png</arg>
<doc>Returns the given values which can then be assigned to a variables.</doc>
<status status="PASS" start="2026-01-02T21:10:13.672517" elapsed="0.000256"/>
</kw>
<kw name="Capture Page Screenshot" owner="SeleniumLibrary">
<msg time="2026-01-02T21:10:13.744626" level="INFO" html="true">&lt;/td&gt;&lt;/tr&gt;&lt;tr&gt;&lt;td colspan="3"&gt;&lt;a href="screenshots/Empty_First_and_Last_Name_PASS.png"&gt;&lt;img src="screenshots/Empty_First_and_Last_Name_PASS.png" width="800px"&gt;&lt;/a&gt;</msg>
<arg>${file}</arg>
<doc>Takes a screenshot of the current page and embeds it into a log file.</doc>
<status status="PASS" start="2026-01-02T21:10:13.672848" elapsed="0.071869"/>
</kw>
<kw name="Close Browser" owner="SeleniumLibrary">
<doc>Closes the current browser.</doc>
<status status="PASS" start="2026-01-02T21:10:13.744847" elapsed="2.069259"/>
</kw>
<status status="PASS" start="2026-01-02T21:10:13.671660" elapsed="2.142788"/>
</kw>
<status status="PASS" start="2026-01-02T21:10:11.067871" elapsed="4.747009"/>
</test>
<test id="s1-t6" name="Empty Email" line="40">
<kw name="Open Workshop Registration Page" type="SETUP">
<kw name="Create Directory" owner="OperatingSystem">
<msg time="2026-01-02T21:10:15.816798" level="INFO" html="true">Directory '&lt;a href="file://C:\Users\ACER\Documents\GitHub\TestAutomationLab\screenshots"&gt;C:\Users\ACER\Documents\GitHub\TestAutomationLab\screenshots&lt;/a&gt;' already exists.</msg>
<arg>${SCREENSHOT_DIR}</arg>
<doc>Creates the specified directory.</doc>
<status status="PASS" start="2026-01-02T21:10:15.816564" elapsed="0.000292"/>
</kw>
<kw name="Open Browser" owner="SeleniumLibrary">
<msg time="2026-01-02T21:10:15.817167" level="INFO">Opening browser 'chrome' to base url 'http://127.0.0.1:5500/StarterFiles/Registration.html'.</msg>
<arg>${URL}</arg>
<arg>chrome</arg>
<doc>Opens a new browser instance to the optional ``url``.</doc>
<status status="PASS" start="2026-01-02T21:10:15.816990" elapsed="1.230585"/>
</kw>
<kw name="Maximize Browser Window" owner="SeleniumLibrary">
<doc>Maximizes current browser window.</doc>
<status status="PASS" start="2026-01-02T21:10:17.047837" elapsed="0.033038"/>
</kw>
<kw name="Wait Until Element Is Visible" owner="SeleniumLibrary">
<arg>id=firstname</arg>
<arg>5s</arg>
<doc>Waits until the element ``locator`` is visible.</doc>
<status status="PASS" start="2026-01-02T21:10:17.081102" elapsed="0.026771"/>
</kw>
<status status="PASS" start="2026-01-02T21:10:15.816339" elapsed="1.291705"/>
</kw>
<kw name="Fill Registration Form" owner="keywords">
<kw name="Input Text" owner="SeleniumLibrary">
<msg time="2026-01-02T21:10:17.109494" level="INFO">Typing text 'Somyod' into text field 'id=firstname'.</msg>
<arg>id=firstname</arg>
<arg>${firstname}</arg>
<doc>Types the given ``text`` into the text field identified by ``locator``.</doc>
<status status="PASS" start="2026-01-02T21:10:17.109248" elapsed="0.110588"/>
</kw>
<kw name="Input Text" owner="SeleniumLibrary">
<msg time="2026-01-02T21:10:17.220390" level="INFO">Typing text 'Sodsai' into text field 'id=lastname'.</msg>
<arg>id=lastname</arg>
<arg>${lastname}</arg>
<doc>Types the given ``text`` into the text field identified by ``locator``.</doc>
<status status="PASS" start="2026-01-02T21:10:17.220087" elapsed="0.078547"/>
</kw>
<kw name="Input Text" owner="SeleniumLibrary">
<msg time="2026-01-02T21:10:17.299017" level="INFO">Typing text '' into text field 'id=email'.</msg>
<arg>id=email</arg>
<arg>${email}</arg>
<doc>Types the given ``text`` into the text field identified by ``locator``.</doc>
<status status="PASS" start="2026-01-02T21:10:17.298821" elapsed="0.068886"/>
</kw>
<kw name="Input Text" owner="SeleniumLibrary">
<msg time="2026-01-02T21:10:17.368223" level="INFO">Typing text '091-001-1234' into text field 'id=phone'.</msg>
<arg>id=phone</arg>
<arg>${phone}</arg>
<doc>Types the given ``text`` into the text field identified by ``locator``.</doc>
<status status="PASS" start="2026-01-02T21:10:17.367935" elapsed="0.077683"/>
</kw>
<kw name="Run Keyword If" owner="BuiltIn">
<kw name="Input Text" owner="SeleniumLibrary">
<msg time="2026-01-02T21:10:17.446655" level="INFO">Typing text 'CS KKU' into text field 'id=organization'.</msg>
<arg>id=organization</arg>
<arg>${organization}</arg>
<doc>Types the given ``text`` into the text field identified by ``locator``.</doc>
<status status="PASS" start="2026-01-02T21:10:17.446417" elapsed="0.068416"/>
</kw>
<arg>'${organization}' != ''</arg>
<arg>Input Text</arg>
<arg>id=organization</arg>
<arg>${organization}</arg>
<doc>Runs the given keyword with the given arguments, if ``condition`` is true.</doc>
<status status="PASS" start="2026-01-02T21:10:17.445859" elapsed="0.069066"/>
</kw>
<arg>Somyod</arg>
<arg>Sodsai</arg>
<arg>${EMPTY}</arg>
<arg>091-001-1234</arg>
<arg>CS KKU</arg>
<status status="PASS" start="2026-01-02T21:10:17.108478" elapsed="0.406508"/>
</kw>
<kw name="Submit Registration" owner="keywords">
<kw name="Click Button" owner="SeleniumLibrary">
<msg time="2026-01-02T21:10:17.515923" level="INFO">Clicking button 'id=registerButton'.</msg>
<arg>id=registerButton</arg>
<doc>Clicks the button identified by ``locator``.</doc>
<status status="PASS" start="2026-01-02T21:10:17.515736" elapsed="0.050900"/>
</kw>
<kw name="Sleep" owner="BuiltIn">
<msg time="2026-01-02T21:10:18.567564" level="INFO">Slept 1 second.</msg>
<arg>1s</arg>
<doc>Pauses the test executed for the given time.</doc>
<status status="PASS" start="2026-01-02T21:10:17.566901" elapsed="1.000819"/>
</kw>
<status status="PASS" start="2026-01-02T21:10:17.515506" elapsed="1.052351"/>
</kw>
<kw name="Verify Error Message" owner="keywords">
<kw name="Element Text Should Be" owner="SeleniumLibrary">
<msg time="2026-01-02T21:10:18.568722" level="INFO">Verifying element 'id=errors' contains exact text '*Please enter your email!!'.</msg>
<arg>id=errors</arg>
<arg>${message}</arg>
<doc>Verifies that element ``locator`` contains exact the text ``expected``.</doc>
<status status="PASS" start="2026-01-02T21:10:18.568540" elapsed="0.025493"/>
</kw>
<arg>*Please enter your email!!</arg>
<status status="PASS" start="2026-01-02T21:10:18.568216" elapsed="0.025907"/>
</kw>
<kw name="Capture Screenshot And Close Browser" type="TEARDOWN">
<kw name="Replace String Using Regexp" owner="String">
<msg time="2026-01-02T21:10:18.594947" level="INFO">${safe_test_name} = Empty_Email</msg>
<var>${safe_test_name}</var>
<arg>${TEST NAME}</arg>
<arg>${SPACE}</arg>
<arg>_</arg>
<doc>Replaces ``pattern`` in the given ``string`` with ``replace_with``.</doc>
<status status="PASS" start="2026-01-02T21:10:18.594763" elapsed="0.000206"/>
</kw>
<kw name="Set Variable" owner="BuiltIn">
<msg time="2026-01-02T21:10:18.595280" level="INFO">${file} = screenshots/Empty_Email_PASS.png</msg>
<var>${file}</var>
<arg>${SCREENSHOT_DIR}/${safe_test_name}_${status}.png</arg>
<doc>Returns the given values which can then be assigned to a variables.</doc>
<status status="PASS" start="2026-01-02T21:10:18.595053" elapsed="0.000248"/>
</kw>
<kw name="Capture Page Screenshot" owner="SeleniumLibrary">
<msg time="2026-01-02T21:10:18.692567" level="INFO" html="true">&lt;/td&gt;&lt;/tr&gt;&lt;tr&gt;&lt;td colspan="3"&gt;&lt;a href="screenshots/Empty_Email_PASS.png"&gt;&lt;img src="screenshots/Empty_Email_PASS.png" width="800px"&gt;&lt;/a&gt;</msg>
<arg>${file}</arg>
<doc>Takes a screenshot of the current page and embeds it into a log file.</doc>
<status status="PASS" start="2026-01-02T21:10:18.595378" elapsed="0.097285"/>
</kw>
<kw name="Close Browser" owner="SeleniumLibrary">
<doc>Closes the current browser.</doc>
<status status="PASS" start="2026-01-02T21:10:18.692816" elapsed="2.065107"/>
</kw>
<status status="PASS" start="2026-01-02T21:10:18.594523" elapsed="2.163515"/>
</kw>
<status status="PASS" start="2026-01-02T21:10:15.815941" elapsed="4.942257"/>
</test>
<test id="s1-t7" name="Empty Phone Number" line="45">
<kw name="Open Workshop Registration Page" type="SETUP">
<kw name="Create Directory" owner="OperatingSystem">
<msg time="2026-01-02T21:10:20.759322" level="INFO" html="true">Directory '&lt;a href="file://C:\Users\ACER\Documents\GitHub\TestAutomationLab\screenshots"&gt;C:\Users\ACER\Documents\GitHub\TestAutomationLab\screenshots&lt;/a&gt;' already exists.</msg>
<arg>${SCREENSHOT_DIR}</arg>
<doc>Creates the specified directory.</doc>
<status status="PASS" start="2026-01-02T21:10:20.759122" elapsed="0.000251"/>
</kw>
<kw name="Open Browser" owner="SeleniumLibrary">
<msg time="2026-01-02T21:10:20.759609" level="INFO">Opening browser 'chrome' to base url 'http://127.0.0.1:5500/StarterFiles/Registration.html'.</msg>
<arg>${URL}</arg>
<arg>chrome</arg>
<doc>Opens a new browser instance to the optional ``url``.</doc>
<status status="PASS" start="2026-01-02T21:10:20.759477" elapsed="1.135701"/>
</kw>
<kw name="Maximize Browser Window" owner="SeleniumLibrary">
<doc>Maximizes current browser window.</doc>
<status status="PASS" start="2026-01-02T21:10:21.895454" elapsed="0.035839"/>
</kw>
<kw name="Wait Until Element Is Visible" owner="SeleniumLibrary">
<arg>id=firstname</arg>
<arg>5s</arg>
<doc>Waits until the element ``locator`` is visible.</doc>
<status status="PASS" start="2026-01-02T21:10:21.931535" elapsed="0.029159"/>
</kw>
<status status="PASS" start="2026-01-02T21:10:20.758938" elapsed="1.201902"/>
</kw>
<kw name="Fill Registration Form" owner="keywords">
<kw name="Input Text" owner="SeleniumLibrary">
<msg time="2026-01-02T21:10:21.962434" level="INFO">Typing text 'Somyod' into text field 'id=firstname'.</msg>
<arg>id=firstname</arg>
<arg>${firstname}</arg>
<doc>Types the given ``text`` into the text field identified by ``locator``.</doc>
<status status="PASS" start="2026-01-02T21:10:21.962132" elapsed="0.165394"/>
</kw>
<kw name="Input Text" owner="SeleniumLibrary">
<msg time="2026-01-02T21:10:22.127927" level="INFO">Typing text 'Sodsai' into text field 'id=lastname'.</msg>
<arg>id=lastname</arg>
<arg>${lastname}</arg>
<doc>Types the given ``text`` into the text field identified by ``locator``.</doc>
<status status="PASS" start="2026-01-02T21:10:22.127690" elapsed="0.079500"/>
</kw>
<kw name="Input Text" owner="SeleniumLibrary">
<msg time="2026-01-02T21:10:22.207652" level="INFO">Typing text 'somyod@kkumail.com' into text field 'id=email'.</msg>
<arg>id=email</arg>
<arg>${email}</arg>
<doc>Types the given ``text`` into the text field identified by ``locator``.</doc>
<status status="PASS" start="2026-01-02T21:10:22.207385" elapsed="0.127172"/>
</kw>
<kw name="Input Text" owner="SeleniumLibrary">
<msg time="2026-01-02T21:10:22.335144" level="INFO">Typing text '' into text field 'id=phone'.</msg>
<arg>id=phone</arg>
<arg>${phone}</arg>
<doc>Types the given ``text`` into the text field identified by ``locator``.</doc>
<status status="PASS" start="2026-01-02T21:10:22.334819" elapsed="0.058115"/>
</kw>
<kw name="Run Keyword If" owner="BuiltIn">
<kw name="Input Text" owner="SeleniumLibrary">
<msg time="2026-01-02T21:10:22.394037" level="INFO">Typing text 'CS KKU' into text field 'id=organization'.</msg>
<arg>id=organization</arg>
<arg>${organization}</arg>
<doc>Types the given ``text`` into the text field identified by ``locator``.</doc>
<status status="PASS" start="2026-01-02T21:10:22.393783" elapsed="0.073641"/>
</kw>
<arg>'${organization}' != ''</arg>
<arg>Input Text</arg>
<arg>id=organization</arg>
<arg>${organization}</arg>
<doc>Runs the given keyword with the given arguments, if ``condition`` is true.</doc>
<status status="PASS" start="2026-01-02T21:10:22.393194" elapsed="0.074307"/>
</kw>
<arg>Somyod</arg>
<arg>Sodsai</arg>
<arg>somyod@kkumail.com</arg>
<arg>${EMPTY}</arg>
<arg>CS KKU</arg>
<status status="PASS" start="2026-01-02T21:10:21.961285" elapsed="0.506267"/>
</kw>
<kw name="Submit Registration" owner="keywords">
<kw name="Click Button" owner="SeleniumLibrary">
<msg time="2026-01-02T21:10:22.468218" level="INFO">Clicking button 'id=registerButton'.</msg>
<arg>id=registerButton</arg>
<doc>Clicks the button identified by ``locator``.</doc>
<status status="PASS" start="2026-01-02T21:10:22.468040" elapsed="0.076376"/>
</kw>
<kw name="Sleep" owner="BuiltIn">
<msg time="2026-01-02T21:10:23.545304" level="INFO">Slept 1 second.</msg>
<arg>1s</arg>
<doc>Pauses the test executed for the given time.</doc>
<status status="PASS" start="2026-01-02T21:10:22.544752" elapsed="1.000645"/>
</kw>
<status status="PASS" start="2026-01-02T21:10:22.467839" elapsed="1.077633"/>
</kw>
<kw name="Verify Error Message" owner="keywords">
<kw name="Element Text Should Be" owner="SeleniumLibrary">
<msg time="2026-01-02T21:10:23.546211" level="INFO">Verifying element 'id=errors' contains exact text '*Please enter your phone number!!'.</msg>
<arg>id=errors</arg>
<arg>${message}</arg>
<doc>Verifies that element ``locator`` contains exact the text ``expected``.</doc>
<status status="PASS" start="2026-01-02T21:10:23.546019" elapsed="0.013194"/>
</kw>
<arg>*Please enter your phone number!!</arg>
<status status="PASS" start="2026-01-02T21:10:23.545731" elapsed="0.013562"/>
</kw>
<kw name="Capture Screenshot And Close Browser" type="TEARDOWN">
<kw name="Replace String Using Regexp" owner="String">
<msg time="2026-01-02T21:10:23.559950" level="INFO">${safe_test_name} = Empty_Phone_Number</msg>
<var>${safe_test_name}</var>
<arg>${TEST NAME}</arg>
<arg>${SPACE}</arg>
<arg>_</arg>
<doc>Replaces ``pattern`` in the given ``string`` with ``replace_with``.</doc>
<status status="PASS" start="2026-01-02T21:10:23.559786" elapsed="0.000185"/>
</kw>
<kw name="Set Variable" owner="BuiltIn">
<msg time="2026-01-02T21:10:23.560281" level="INFO">${file} = screenshots/Empty_Phone_Number_PASS.png</msg>
<var>${file}</var>
<arg>${SCREENSHOT_DIR}/${safe_test_name}_${status}.png</arg>
<doc>Returns the given values which can then be assigned to a variables.</doc>
<status status="PASS" start="2026-01-02T21:10:23.560046" elapsed="0.000254"/>
</kw>
<kw name="Capture Page Screenshot" owner="SeleniumLibrary">
<msg time="2026-01-02T21:10:23.681197" level="INFO" html="true">&lt;/td&gt;&lt;/tr&gt;&lt;tr&gt;&lt;td colspan="3"&gt;&lt;a href="screenshots/Empty_Phone_Number_PASS.png"&gt;&lt;img src="screenshots/Empty_Phone_Number_PASS.png" width="800px"&gt;&lt;/a&gt;</msg>
<arg>${file}</arg>
<doc>Takes a screenshot of the current page and embeds it into a log file.</doc>
<status status="PASS" start="2026-01-02T21:10:23.560398" elapsed="0.120917"/>
</kw>
<kw name="Close Browser" owner="SeleniumLibrary">
<doc>Closes the current browser.</doc>
<status status="PASS" start="2026-01-02T21:10:23.681483" elapsed="2.086501"/>
</kw>
<status status="PASS" start="2026-01-02T21:10:23.559562" elapsed="2.208530"/>
</kw>
<status status="PASS" start="2026-01-02T21:10:20.758529" elapsed="5.009728"/>
</test>
<test id="s1-t8" name="Invalid Phone Number" line="50">
<kw name="Open Workshop Registration Page" type="SETUP">
<kw name="Create Directory" owner="OperatingSystem">
<msg time="2026-01-02T21:10:25.769376" level="INFO" html="true">Directory '&lt;a href="file://C:\Users\ACER\Documents\GitHub\TestAutomationLab\screenshots"&gt;C:\Users\ACER\Documents\GitHub\TestAutomationLab\screenshots&lt;/a&gt;' already exists.</msg>
<arg>${SCREENSHOT_DIR}</arg>
<doc>Creates the specified directory.</doc>
<status status="PASS" start="2026-01-02T21:10:25.769164" elapsed="0.000280"/>
</kw>
<kw name="Open Browser" owner="SeleniumLibrary">
<msg time="2026-01-02T21:10:25.769690" level="INFO">Opening browser 'chrome' to base url 'http://127.0.0.1:5500/StarterFiles/Registration.html'.</msg>
<arg>${URL}</arg>
<arg>chrome</arg>
<doc>Opens a new browser instance to the optional ``url``.</doc>
<status status="PASS" start="2026-01-02T21:10:25.769549" elapsed="1.133754"/>
</kw>
<kw name="Maximize Browser Window" owner="SeleniumLibrary">
<doc>Maximizes current browser window.</doc>
<status status="PASS" start="2026-01-02T21:10:26.903565" elapsed="0.039610"/>
</kw>
<kw name="Wait Until Element Is Visible" owner="SeleniumLibrary">
<arg>id=firstname</arg>
<arg>5s</arg>
<doc>Waits until the element ``locator`` is visible.</doc>
<status status="PASS" start="2026-01-02T21:10:26.943341" elapsed="0.033390"/>
</kw>
<status status="PASS" start="2026-01-02T21:10:25.768972" elapsed="1.207957"/>
</kw>
<kw name="Fill Registration Form" owner="keywords">
<kw name="Input Text" owner="SeleniumLibrary">
<msg time="2026-01-02T21:10:26.978108" level="INFO">Typing text 'Somyod' into text field 'id=firstname'.</msg>
<arg>id=firstname</arg>
<arg>${firstname}</arg>
<doc>Types the given ``text`` into the text field identified by ``locator``.</doc>
<status status="PASS" start="2026-01-02T21:10:26.977844" elapsed="0.126993"/>
</kw>
<kw name="Input Text" owner="SeleniumLibrary">
<msg time="2026-01-02T21:10:27.105393" level="INFO">Typing text 'Sodsai' into text field 'id=lastname'.</msg>
<arg>id=lastname</arg>
<arg>${lastname}</arg>
<doc>Types the given ``text`` into the text field identified by ``locator``.</doc>
<status status="PASS" start="2026-01-02T21:10:27.105087" elapsed="0.072338"/>
</kw>
<kw name="Input Text" owner="SeleniumLibrary">
<msg time="2026-01-02T21:10:27.177936" level="INFO">Typing text 'somyod@kkumail.com' into text field 'id=email'.</msg>
<arg>id=email</arg>
<arg>${email}</arg>
<doc>Types the given ``text`` into the text field identified by ``locator``.</doc>
<status status="PASS" start="2026-01-02T21:10:27.177654" elapsed="0.055325"/>
</kw>
<kw name="Input Text" owner="SeleniumLibrary">
<msg time="2026-01-02T21:10:27.233428" level="INFO">Typing text '1234' into text field 'id=phone'.</msg>
<arg>id=phone</arg>
<arg>${phone}</arg>
<doc>Types the given ``text`` into the text field identified by ``locator``.</doc>
<status status="PASS" start="2026-01-02T21:10:27.233121" elapsed="0.037879"/>
</kw>
<kw name="Run Keyword If" owner="BuiltIn">
<kw name="Input Text" owner="SeleniumLibrary">
<msg time="2026-01-02T21:10:27.271717" level="INFO">Typing text 'CS KKU' into text field 'id=organization'.</msg>
<arg>id=organization</arg>
<arg>${organization}</arg>
<doc>Types the given ``text`` into the text field identified by ``locator``.</doc>
<status status="PASS" start="2026-01-02T21:10:27.271566" elapsed="0.038369"/>
</kw>
<arg>'${organization}' != ''</arg>
<arg>Input Text</arg>
<arg>id=organization</arg>
<arg>${organization}</arg>
<doc>Runs the given keyword with the given arguments, if ``condition`` is true.</doc>
<status status="PASS" start="2026-01-02T21:10:27.271166" elapsed="0.038846"/>
</kw>
<arg>Somyod</arg>
<arg>Sodsai</arg>
<arg>somyod@kkumail.com</arg>
<arg>1234</arg>
<arg>CS KKU</arg>
<status status="PASS" start="2026-01-02T21:10:26.977398" elapsed="0.332663"/>
</kw>
<kw name="Submit Registration" owner="keywords">
<kw name="Click Button" owner="SeleniumLibrary">
<msg time="2026-01-02T21:10:27.310775" level="INFO">Clicking button 'id=registerButton'.</msg>
<arg>id=registerButton</arg>
<doc>Clicks the button identified by ``locator``.</doc>
<status status="PASS" start="2026-01-02T21:10:27.310607" elapsed="0.043921"/>
</kw>
<kw name="Sleep" owner="BuiltIn">
<msg time="2026-01-02T21:10:28.355535" level="INFO">Slept 1 second.</msg>
<arg>1s</arg>
<doc>Pauses the test executed for the given time.</doc>
<status status="PASS" start="2026-01-02T21:10:27.354678" elapsed="1.000958"/>
</kw>
<status status="PASS" start="2026-01-02T21:10:27.310400" elapsed="1.045314"/>
</kw>
<kw name="Verify Error Message" owner="keywords">
<kw name="Element Text Should Be" owner="SeleniumLibrary">
<msg time="2026-01-02T21:10:28.356734" level="INFO">Verifying element 'id=errors' contains exact text 'Please enter a valid phone number!!'.</msg>
<arg>id=errors</arg>
<arg>${message}</arg>
<doc>Verifies that element ``locator`` contains exact the text ``expected``.</doc>
<status status="PASS" start="2026-01-02T21:10:28.356549" elapsed="0.014958"/>
</kw>
<arg>Please enter a valid phone number!!</arg>
<status status="PASS" start="2026-01-02T21:10:28.356311" elapsed="0.015285"/>
</kw>
<kw name="Capture Screenshot And Close Browser" type="TEARDOWN">
<kw name="Replace String Using Regexp" owner="String">
<msg time="2026-01-02T21:10:28.372428" level="INFO">${safe_test_name} = Invalid_Phone_Number</msg>
<var>${safe_test_name}</var>
<arg>${TEST NAME}</arg>
<arg>${SPACE}</arg>
<arg>_</arg>
<doc>Replaces ``pattern`` in the given ``string`` with ``replace_with``.</doc>
<status status="PASS" start="2026-01-02T21:10:28.372191" elapsed="0.000264"/>
</kw>
<kw name="Set Variable" owner="BuiltIn">
<msg time="2026-01-02T21:10:28.372795" level="INFO">${file} = screenshots/Invalid_Phone_Number_PASS.png</msg>
<var>${file}</var>
<arg>${SCREENSHOT_DIR}/${safe_test_name}_${status}.png</arg>
<doc>Returns the given values which can then be assigned to a variables.</doc>
<status status="PASS" start="2026-01-02T21:10:28.372564" elapsed="0.000249"/>
</kw>
<kw name="Capture Page Screenshot" owner="SeleniumLibrary">
<msg time="2026-01-02T21:10:28.466434" level="INFO" html="true">&lt;/td&gt;&lt;/tr&gt;&lt;tr&gt;&lt;td colspan="3"&gt;&lt;a href="screenshots/Invalid_Phone_Number_PASS.png"&gt;&lt;img src="screenshots/Invalid_Phone_Number_PASS.png" width="800px"&gt;&lt;/a&gt;</msg>
<arg>${file}</arg>
<doc>Takes a screenshot of the current page and embeds it into a log file.</doc>
<status status="PASS" start="2026-01-02T21:10:28.372890" elapsed="0.093629"/>
</kw>
<kw name="Close Browser" owner="SeleniumLibrary">
<doc>Closes the current browser.</doc>
<status status="PASS" start="2026-01-02T21:10:28.466641" elapsed="2.072571"/>
</kw>
<status status="PASS" start="2026-01-02T21:10:28.371959" elapsed="2.167355"/>
</kw>
<status status="PASS" start="2026-01-02T21:10:25.768538" elapsed="4.771603"/>
</test>
<kw name="Close Workshop Browser" type="TEARDOWN">
<kw name="Close Browser" owner="SeleniumLibrary">
<doc>Closes the current browser.</doc>
<status status="PASS" start="2026-01-02T21:10:30.542615" elapsed="0.000082"/>
</kw>
<status status="PASS" start="2026-01-02T21:10:30.542461" elapsed="0.000302"/>
</kw>
<status status="PASS" start="2026-01-02T21:09:51.870384" elapsed="38.672404"/>
</suite>
<statistics>
<total>
<stat pass="8" fail="0" skip="0">All Tests</stat>
</total>
<tag>
</tag>
<suite>
<stat name="Registration" id="s1" pass="8" fail="0" skip="0">Registration</stat>
</suite>
</statistics>
<errors>
</errors>
</robot>
